<?xml version="1.0" encoding="UTF-8"?>
<!-- Generated by org.testng.reporters.JUnitReportReporter -->
<testsuite hostname="DESKTOP-KCQPCVO" failures="0" tests="1" name="ent_test.Test_base_class" time="10.629" errors="0" timestamp="2024-09-25T22:40:09 IST" skipped="0">
  <testcase classname="ent_test.Test_base_class" name="setUp" time="10.629"/>
</testsuite> <!-- ent_test.Test_base_class -->
